<?xml version="1.0" encoding="UTF-8"?>
<coverage generated="1650226174992" clover="3.2.0">
  <project timestamp="1650226174992" name="All files">
    <metrics statements="47" coveredstatements="47" conditionals="26" coveredconditionals="26" methods="13" coveredmethods="13" elements="86" coveredelements="86" complexity="0" loc="47" ncloc="47" packages="1" files="3" classes="3"/>
    <file name="Cart.js" path="/home/michaela.silva/projects/curso-vedovelli/projeto01/src/lib/Cart.js">
      <metrics statements="32" coveredstatements="32" conditionals="16" coveredconditionals="16" methods="8" coveredmethods="8"/>
      <line num="4" count="1" type="stmt"/>
      <line num="5" count="2" type="cond" truecount="2" falsecount="0"/>
      <line num="7" count="1" type="stmt"/>
      <line num="9" count="1" type="stmt"/>
      <line num="12" count="1" type="stmt"/>
      <line num="13" count="3" type="stmt"/>
      <line num="14" count="3" type="cond" truecount="4" falsecount="0"/>
      <line num="15" count="2" type="cond" truecount="2" falsecount="0"/>
      <line num="17" count="1" type="stmt"/>
      <line num="21" count="1" type="stmt"/>
      <line num="23" count="1" type="stmt"/>
      <line num="24" count="1" type="stmt"/>
      <line num="28" count="12" type="stmt"/>
      <line num="31" count="15" type="stmt"/>
      <line num="33" count="15" type="cond" truecount="2" falsecount="0"/>
      <line num="34" count="1" type="stmt"/>
      <line num="37" count="15" type="stmt"/>
      <line num="41" count="1" type="stmt"/>
      <line num="45" count="14" type="stmt"/>
      <line num="46" count="15" type="stmt"/>
      <line num="48" count="15" type="stmt"/>
      <line num="50" count="15" type="cond" truecount="2" falsecount="0"/>
      <line num="51" count="2" type="stmt"/>
      <line num="52" count="13" type="cond" truecount="2" falsecount="0"/>
      <line num="53" count="3" type="stmt"/>
      <line num="56" count="15" type="stmt"/>
      <line num="61" count="3" type="stmt"/>
      <line num="62" count="3" type="stmt"/>
      <line num="64" count="3" type="stmt"/>
      <line num="71" count="2" type="stmt"/>
      <line num="72" count="2" type="stmt"/>
      <line num="74" count="2" type="stmt"/>
    </file>
    <file name="calculator.js" path="/home/michaela.silva/projects/curso-vedovelli/projeto01/src/lib/calculator.js">
      <metrics statements="5" coveredstatements="5" conditionals="4" coveredconditionals="4" methods="1" coveredmethods="1"/>
      <line num="2" count="6" type="stmt"/>
      <line num="3" count="6" type="stmt"/>
      <line num="5" count="6" type="cond" truecount="4" falsecount="0"/>
      <line num="6" count="4" type="stmt"/>
      <line num="9" count="2" type="stmt"/>
    </file>
    <file name="queryString.js" path="/home/michaela.silva/projects/curso-vedovelli/projeto01/src/lib/queryString.js">
      <metrics statements="10" coveredstatements="10" conditionals="6" coveredconditionals="6" methods="4" coveredmethods="4"/>
      <line num="1" count="1" type="stmt"/>
      <line num="2" count="6" type="cond" truecount="4" falsecount="0"/>
      <line num="3" count="1" type="stmt"/>
      <line num="5" count="5" type="stmt"/>
      <line num="9" count="3" type="stmt"/>
      <line num="14" count="3" type="stmt"/>
      <line num="16" count="5" type="stmt"/>
      <line num="18" count="5" type="cond" truecount="2" falsecount="0"/>
      <line num="19" count="1" type="stmt"/>
      <line num="21" count="5" type="stmt"/>
    </file>
  </project>
</coverage>
