{"/home/michaela.silva/projects/curso-vedovelli/projeto01/src/lib/Cart.js": {"path":"/home/michaela.silva/projects/curso-vedovelli/projeto01/src/lib/Cart.js","statementMap":{"0":{"start":{"line":4,"column":36},"end":{"line":10,"column":1}},"1":{"start":{"line":5,"column":4},"end":{"line":8,"column":5}},"2":{"start":{"line":7,"column":12},"end":{"line":7,"column":64}},"3":{"start":{"line":9,"column":4},"end":{"line":9,"column":31}},"4":{"start":{"line":12,"column":34},"end":{"line":18,"column":1}},"5":{"start":{"line":13,"column":19},"end":{"line":13,"column":42}},"6":{"start":{"line":14,"column":4},"end":{"line":16,"column":5}},"7":{"start":{"line":15,"column":8},"end":{"line":15,"column":51}},"8":{"start":{"line":17,"column":4},"end":{"line":17,"column":31}},"9":{"start":{"line":21,"column":14},"end":{"line":21,"column":20}},"10":{"start":{"line":23,"column":0},"end":{"line":23,"column":30}},"11":{"start":{"line":24,"column":0},"end":{"line":24,"column":27}},"12":{"start":{"line":28,"column":12},"end":{"line":28,"column":14}},"13":{"start":{"line":31,"column":27},"end":{"line":31,"column":52}},"14":{"start":{"line":33,"column":8},"end":{"line":35,"column":9}},"15":{"start":{"line":34,"column":12},"end":{"line":34,"column":42}},"16":{"start":{"line":37,"column":8},"end":{"line":37,"column":30}},"17":{"start":{"line":41,"column":8},"end":{"line":41,"column":37}},"18":{"start":{"line":45,"column":8},"end":{"line":57,"column":33}},"19":{"start":{"line":46,"column":27},"end":{"line":46,"column":80}},"20":{"start":{"line":48,"column":27},"end":{"line":48,"column":47}},"21":{"start":{"line":50,"column":12},"end":{"line":54,"column":13}},"22":{"start":{"line":51,"column":16},"end":{"line":51,"column":68}},"23":{"start":{"line":52,"column":19},"end":{"line":54,"column":13}},"24":{"start":{"line":53,"column":16},"end":{"line":53,"column":67}},"25":{"start":{"line":56,"column":12},"end":{"line":56,"column":54}},"26":{"start":{"line":61,"column":22},"end":{"line":61,"column":49}},"27":{"start":{"line":62,"column":22},"end":{"line":62,"column":32}},"28":{"start":{"line":64,"column":8},"end":{"line":67,"column":10}},"29":{"start":{"line":71,"column":33},"end":{"line":71,"column":46}},"30":{"start":{"line":72,"column":8},"end":{"line":72,"column":24}},"31":{"start":{"line":74,"column":8},"end":{"line":77,"column":10}}},"fnMap":{"0":{"name":"(anonymous_0)","decl":{"start":{"line":4,"column":36},"end":{"line":4,"column":37}},"loc":{"start":{"line":4,"column":54},"end":{"line":10,"column":1}},"line":4},"1":{"name":"(anonymous_1)","decl":{"start":{"line":12,"column":34},"end":{"line":12,"column":35}},"loc":{"start":{"line":12,"column":52},"end":{"line":18,"column":1}},"line":12},"2":{"name":"(anonymous_2)","decl":{"start":{"line":30,"column":4},"end":{"line":30,"column":5}},"loc":{"start":{"line":30,"column":14},"end":{"line":38,"column":5}},"line":30},"3":{"name":"(anonymous_3)","decl":{"start":{"line":40,"column":4},"end":{"line":40,"column":5}},"loc":{"start":{"line":40,"column":20},"end":{"line":42,"column":5}},"line":40},"4":{"name":"(anonymous_4)","decl":{"start":{"line":44,"column":4},"end":{"line":44,"column":5}},"loc":{"start":{"line":44,"column":15},"end":{"line":58,"column":5}},"line":44},"5":{"name":"(anonymous_5)","decl":{"start":{"line":45,"column":33},"end":{"line":45,"column":34}},"loc":{"start":{"line":45,"column":48},"end":{"line":57,"column":9}},"line":45},"6":{"name":"(anonymous_6)","decl":{"start":{"line":60,"column":4},"end":{"line":60,"column":5}},"loc":{"start":{"line":60,"column":13},"end":{"line":68,"column":5}},"line":60},"7":{"name":"(anonymous_7)","decl":{"start":{"line":70,"column":4},"end":{"line":70,"column":5}},"loc":{"start":{"line":70,"column":15},"end":{"line":78,"column":5}},"line":70}},"branchMap":{"0":{"loc":{"start":{"line":5,"column":4},"end":{"line":8,"column":5}},"type":"if","locations":[{"start":{"line":5,"column":4},"end":{"line":8,"column":5}},{"start":{},"end":{}}],"line":5},"1":{"loc":{"start":{"line":6,"column":8},"end":{"line":6,"column":76}},"type":"binary-expr","locations":[{"start":{"line":6,"column":8},"end":{"line":6,"column":34}},{"start":{"line":6,"column":38},"end":{"line":6,"column":76}}],"line":6},"2":{"loc":{"start":{"line":14,"column":4},"end":{"line":16,"column":5}},"type":"if","locations":[{"start":{"line":14,"column":4},"end":{"line":16,"column":5}},{"start":{},"end":{}}],"line":14},"3":{"loc":{"start":{"line":14,"column":7},"end":{"line":14,"column":74}},"type":"binary-expr","locations":[{"start":{"line":14,"column":7},"end":{"line":14,"column":31}},{"start":{"line":14,"column":35},"end":{"line":14,"column":74}}],"line":14},"4":{"loc":{"start":{"line":15,"column":33},"end":{"line":15,"column":49}},"type":"cond-expr","locations":[{"start":{"line":15,"column":42},"end":{"line":15,"column":44}},{"start":{"line":15,"column":47},"end":{"line":15,"column":49}}],"line":15},"5":{"loc":{"start":{"line":33,"column":8},"end":{"line":35,"column":9}},"type":"if","locations":[{"start":{"line":33,"column":8},"end":{"line":35,"column":9}},{"start":{},"end":{}}],"line":33},"6":{"loc":{"start":{"line":50,"column":12},"end":{"line":54,"column":13}},"type":"if","locations":[{"start":{"line":50,"column":12},"end":{"line":54,"column":13}},{"start":{"line":52,"column":19},"end":{"line":54,"column":13}}],"line":50},"7":{"loc":{"start":{"line":52,"column":19},"end":{"line":54,"column":13}},"type":"if","locations":[{"start":{"line":52,"column":19},"end":{"line":54,"column":13}},{"start":{},"end":{}}],"line":52}},"s":{"0":1,"1":2,"2":1,"3":1,"4":1,"5":3,"6":3,"7":2,"8":1,"9":1,"10":1,"11":1,"12":12,"13":15,"14":15,"15":1,"16":15,"17":1,"18":14,"19":15,"20":15,"21":15,"22":2,"23":13,"24":3,"25":15,"26":3,"27":3,"28":3,"29":2,"30":2,"31":2},"f":{"0":2,"1":3,"2":15,"3":1,"4":14,"5":15,"6":3,"7":2},"b":{"0":[1,1],"1":[2,2],"2":[2,1],"3":[3,3],"4":[1,1],"5":[1,14],"6":[2,13],"7":[3,10]},"_coverageSchema":"1a1c01bbd47fc00a2c39e90264f33305004495a9","hash":"9505fcb2ce2dfc03756ddd5318101b014fcd5437"}
,"/home/michaela.silva/projects/curso-vedovelli/projeto01/src/lib/calculator.js": {"path":"/home/michaela.silva/projects/curso-vedovelli/projeto01/src/lib/calculator.js","statementMap":{"0":{"start":{"line":2,"column":17},"end":{"line":2,"column":35}},"1":{"start":{"line":3,"column":17},"end":{"line":3,"column":35}},"2":{"start":{"line":5,"column":4},"end":{"line":7,"column":5}},"3":{"start":{"line":6,"column":8},"end":{"line":6,"column":51}},"4":{"start":{"line":9,"column":4},"end":{"line":9,"column":23}}},"fnMap":{"0":{"name":"sum","decl":{"start":{"line":1,"column":16},"end":{"line":1,"column":19}},"loc":{"start":{"line":1,"column":32},"end":{"line":10,"column":1}},"line":1}},"branchMap":{"0":{"loc":{"start":{"line":5,"column":4},"end":{"line":7,"column":5}},"type":"if","locations":[{"start":{"line":5,"column":4},"end":{"line":7,"column":5}},{"start":{},"end":{}}],"line":5},"1":{"loc":{"start":{"line":5,"column":7},"end":{"line":5,"column":47}},"type":"binary-expr","locations":[{"start":{"line":5,"column":7},"end":{"line":5,"column":25}},{"start":{"line":5,"column":29},"end":{"line":5,"column":47}}],"line":5}},"s":{"0":6,"1":6,"2":6,"3":4,"4":2},"f":{"0":6},"b":{"0":[4,2],"1":[6,3]},"_coverageSchema":"1a1c01bbd47fc00a2c39e90264f33305004495a9","hash":"2f5ddf6095055ca49a9a1a1b01af55f19913d118"}
,"/home/michaela.silva/projects/curso-vedovelli/projeto01/src/lib/queryString.js": {"path":"/home/michaela.silva/projects/curso-vedovelli/projeto01/src/lib/queryString.js","statementMap":{"0":{"start":{"line":1,"column":25},"end":{"line":6,"column":1}},"1":{"start":{"line":2,"column":4},"end":{"line":4,"column":5}},"2":{"start":{"line":3,"column":8},"end":{"line":3,"column":52}},"3":{"start":{"line":5,"column":4},"end":{"line":5,"column":28}},"4":{"start":{"line":9,"column":10},"end":{"line":11,"column":15}},"5":{"start":{"line":14,"column":10},"end":{"line":23,"column":6}},"6":{"start":{"line":16,"column":31},"end":{"line":16,"column":46}},"7":{"start":{"line":18,"column":12},"end":{"line":20,"column":13}},"8":{"start":{"line":19,"column":16},"end":{"line":19,"column":41}},"9":{"start":{"line":21,"column":8},"end":{"line":21,"column":28}}},"fnMap":{"0":{"name":"(anonymous_0)","decl":{"start":{"line":1,"column":25},"end":{"line":1,"column":26}},"loc":{"start":{"line":1,"column":43},"end":{"line":6,"column":1}},"line":1},"1":{"name":"queryString","decl":{"start":{"line":8,"column":16},"end":{"line":8,"column":27}},"loc":{"start":{"line":9,"column":4},"end":{"line":11,"column":21}},"line":9},"2":{"name":"parse","decl":{"start":{"line":13,"column":16},"end":{"line":13,"column":21}},"loc":{"start":{"line":14,"column":4},"end":{"line":23,"column":12}},"line":14},"3":{"name":"(anonymous_3)","decl":{"start":{"line":15,"column":30},"end":{"line":15,"column":31}},"loc":{"start":{"line":15,"column":38},"end":{"line":22,"column":5}},"line":15}},"branchMap":{"0":{"loc":{"start":{"line":2,"column":4},"end":{"line":4,"column":5}},"type":"if","locations":[{"start":{"line":2,"column":4},"end":{"line":4,"column":5}},{"start":{},"end":{}}],"line":2},"1":{"loc":{"start":{"line":2,"column":7},"end":{"line":2,"column":57}},"type":"binary-expr","locations":[{"start":{"line":2,"column":7},"end":{"line":2,"column":32}},{"start":{"line":2,"column":36},"end":{"line":2,"column":57}}],"line":2},"2":{"loc":{"start":{"line":18,"column":12},"end":{"line":20,"column":13}},"type":"if","locations":[{"start":{"line":18,"column":12},"end":{"line":20,"column":13}},{"start":{},"end":{}}],"line":18}},"s":{"0":1,"1":6,"2":1,"3":5,"4":3,"5":3,"6":5,"7":5,"8":1,"9":5},"f":{"0":6,"1":3,"2":3,"3":5},"b":{"0":[1,5],"1":[6,2],"2":[1,4]},"_coverageSchema":"1a1c01bbd47fc00a2c39e90264f33305004495a9","hash":"c93ce755e258d3d10807dbc1b93d821ec5a533c7"}
}
