TN:
SF:src/lib/Cart.js
FN:4,(anonymous_0)
FN:12,(anonymous_1)
FN:30,(anonymous_2)
FN:40,(anonymous_3)
FN:44,(anonymous_4)
FN:45,(anonymous_5)
FN:60,(anonymous_6)
FN:70,(anonymous_7)
FNF:8
FNH:8
FNDA:2,(anonymous_0)
FNDA:3,(anonymous_1)
FNDA:15,(anonymous_2)
FNDA:1,(anonymous_3)
FNDA:14,(anonymous_4)
FNDA:15,(anonymous_5)
FNDA:3,(anonymous_6)
FNDA:2,(anonymous_7)
DA:4,1
DA:5,2
DA:7,1
DA:9,1
DA:12,1
DA:13,3
DA:14,3
DA:15,2
DA:17,1
DA:21,1
DA:23,1
DA:24,1
DA:28,12
DA:31,15
DA:33,15
DA:34,1
DA:37,15
DA:41,1
DA:45,14
DA:46,15
DA:48,15
DA:50,15
DA:51,2
DA:52,13
DA:53,3
DA:56,15
DA:61,3
DA:62,3
DA:64,3
DA:71,2
DA:72,2
DA:74,2
LF:32
LH:32
BRDA:5,0,0,1
BRDA:5,0,1,1
BRDA:6,1,0,2
BRDA:6,1,1,2
BRDA:14,2,0,2
BRDA:14,2,1,1
BRDA:14,3,0,3
BRDA:14,3,1,3
BRDA:15,4,0,1
BRDA:15,4,1,1
BRDA:33,5,0,1
BRDA:33,5,1,14
BRDA:50,6,0,2
BRDA:50,6,1,13
BRDA:52,7,0,3
BRDA:52,7,1,10
BRF:16
BRH:16
end_of_record
TN:
SF:src/lib/calculator.js
FN:1,sum
FNF:1
FNH:1
FNDA:6,sum
DA:2,6
DA:3,6
DA:5,6
DA:6,4
DA:9,2
LF:5
LH:5
BRDA:5,0,0,4
BRDA:5,0,1,2
BRDA:5,1,0,6
BRDA:5,1,1,3
BRF:4
BRH:4
end_of_record
TN:
SF:src/lib/queryString.js
FN:1,(anonymous_0)
FN:8,queryString
FN:13,parse
FN:15,(anonymous_3)
FNF:4
FNH:4
FNDA:6,(anonymous_0)
FNDA:3,queryString
FNDA:3,parse
FNDA:5,(anonymous_3)
DA:1,1
DA:2,6
DA:3,1
DA:5,5
DA:9,3
DA:14,3
DA:16,5
DA:18,5
DA:19,1
DA:21,5
LF:10
LH:10
BRDA:2,0,0,1
BRDA:2,0,1,5
BRDA:2,1,0,6
BRDA:2,1,1,2
BRDA:18,2,0,1
BRDA:18,2,1,4
BRF:6
BRH:6
end_of_record
